<?xml version="1.0" encoding="UTF-8"?>
<!-- Generated by org.testng.reporters.JUnitReportReporter -->
<testsuite hostname="SPNXIN-4CDJ924" failures="0" tests="4" name="api.test.UserTests2" time="10.553" errors="0" timestamp="2024-07-19T21:45:08 IST" skipped="0">
  <testcase classname="api.test.UserTests2" name="testPostUser" time="3.992"/>
  <testcase classname="api.test.UserTests2" name="testGetUserByName" time="1.368"/>
  <testcase classname="api.test.UserTests2" name="testUpdateUser" time="3.104"/>
  <testcase classname="api.test.UserTests2" name="testDeleteUser" time="2.089"/>
</testsuite> <!-- api.test.UserTests2 -->
