<?xml version="1.0" encoding="UTF-8"?>
<!-- Generated by org.testng.reporters.JUnitReportReporter -->
<testsuite hostname="SPNXIN-4CDJ924" failures="0" tests="6" name="api.test.DDTests" time="11.273" errors="0" timestamp="2024-07-21T14:55:37 IST" skipped="0">
  <testcase classname="api.test.DDTests" name="testPostuser" time="3.766"/>
  <testcase classname="api.test.DDTests" name="testPostuser" time="2.013"/>
  <testcase classname="api.test.DDTests" name="testPostuser" time="1.352"/>
  <testcase classname="api.test.DDTests" name="testDeleteUserByName" time="1.514"/>
  <testcase classname="api.test.DDTests" name="testDeleteUserByName" time="1.352"/>
  <testcase classname="api.test.DDTests" name="testDeleteUserByName" time="1.276"/>
</testsuite> <!-- api.test.DDTests -->
