<?xml version="1.0" encoding="UTF-8"?>
<!-- Generated by org.testng.reporters.JUnitReportReporter -->
<testsuite hostname="SPNXIN-4CDJ924" failures="0" tests="6" name="api.test.DDTests" time="7.962" errors="0" timestamp="2024-07-19T20:54:30 IST" skipped="0">
  <testcase classname="api.test.DDTests" name="testPostuser" time="1.292"/>
  <testcase classname="api.test.DDTests" name="testPostuser" time="1.177"/>
  <testcase classname="api.test.DDTests" name="testPostuser" time="1.347"/>
  <testcase classname="api.test.DDTests" name="testDeleteUserByName" time="1.354"/>
  <testcase classname="api.test.DDTests" name="testDeleteUserByName" time="1.242"/>
  <testcase classname="api.test.DDTests" name="testDeleteUserByName" time="1.550"/>
</testsuite> <!-- api.test.DDTests -->
