<?xml version="1.0" encoding="UTF-8"?>
<!-- Generated by org.testng.reporters.JUnitReportReporter -->
<testsuite hostname="SPNXIN-4CDJ924" failures="0" tests="4" name="api.test.UserTests" time="10.407" errors="0" timestamp="2024-07-19T20:54:30 IST" skipped="0">
  <testcase classname="api.test.UserTests" name="testPostUser" time="4.174"/>
  <testcase classname="api.test.UserTests" name="testGetUserByName" time="1.433"/>
  <testcase classname="api.test.UserTests" name="testUpdateUser" time="2.869"/>
  <testcase classname="api.test.UserTests" name="testDeleteUser" time="1.931"/>
</testsuite> <!-- api.test.UserTests -->
