<?xml version="1.0" encoding="UTF-8"?>
<!-- Generated by org.testng.reporters.JUnitReportReporter -->
<testsuite hostname="SPNXIN-4CDJ924" failures="0" tests="4" name="api.test.UserTests" time="10.522" errors="0" timestamp="2024-07-19T22:32:09 IST" skipped="0">
  <testcase classname="api.test.UserTests" name="testPostUser" time="4.301"/>
  <testcase classname="api.test.UserTests" name="testGetUserByName" time="1.381"/>
  <testcase classname="api.test.UserTests" name="testUpdateUser" time="2.539"/>
  <testcase classname="api.test.UserTests" name="testDeleteUser" time="2.301"/>
</testsuite> <!-- api.test.UserTests -->
